<?xml version="1.0" encoding="UTF-8"?>
<!-- Generated by org.testng.reporters.JUnitReportReporter -->
<testsuite hostname="DESKTOP-TP6MMLS" failures="0" tests="2" name="com.basics.Facebook" time="0.226" errors="0" timestamp="2025-04-23T13:35:37 IST" skipped="0">
  <testcase classname="com.basics.Facebook" name="getCurrentURL" time="0.156"/>
  <testcase classname="com.basics.Facebook" name="getTitle" time="0.070"/>
</testsuite> <!-- com.basics.Facebook -->
