<?xml version="1.0" encoding="UTF-8"?>
<!-- Generated by org.testng.reporters.JUnitReportReporter -->
<testsuite hostname="DESKTOP-TP6MMLS" failures="0" tests="2" name="com.basics.Facebook" time="0.154" errors="0" timestamp="2025-04-24T12:56:09 IST" skipped="0">
  <testcase classname="com.basics.Facebook" name="getCurrentURL" time="0.112"/>
  <testcase classname="com.basics.Facebook" name="getTitle" time="0.042"/>
</testsuite> <!-- com.basics.Facebook -->
